<?xml version="1.0" encoding="UTF-8"?>
<!-- Generated by org.testng.reporters.JUnitXMLReporter -->
<testsuite ignored="1" hostname="DESKTOP-IFFIQKE" failures="0" tests="1" name="Default test" time="38.728" errors="0" timestamp="04 Jul 2019 07:29:42 GMT">
  <testcase classname="objectRepository.LocalHomePageScenario" name="TC2_Validlogin" time="38.696"/>
  <testcase classname="objectRepository.LocalHomePageScenario" name="TC1_Invalidlogin" time="0.0">
    <ignored/>
  </testcase> <!-- TC1_Invalidlogin -->
</testsuite> <!-- Default test -->
