<?xml version="1.0" encoding="UTF-8"?>
<testng-results ignored="1" total="2" passed="1" failed="0" skipped="0">
  <reporter-output>
  </reporter-output>
  <suite started-at="2019-07-04T07:29:03Z" name="Default suite" finished-at="2019-07-04T07:29:42Z" duration-ms="38728">
    <groups>
    </groups>
    <test started-at="2019-07-04T07:29:03Z" name="Default test" finished-at="2019-07-04T07:29:42Z" duration-ms="38728">
      <class name="objectRepository.LocalHomePageScenario">
        <test-method signature="TC2_Validlogin()[pri:0, instance:objectRepository.LocalHomePageScenario@1b083826]" started-at="2019-07-04T07:29:03Z" name="TC2_Validlogin" finished-at="2019-07-04T07:29:42Z" duration-ms="38696" status="PASS">
          <reporter-output>
          </reporter-output>
        </test-method> <!-- TC2_Validlogin -->
      </class> <!-- objectRepository.LocalHomePageScenario -->
    </test> <!-- Default test -->
  </suite> <!-- Default suite -->
</testng-results>
